  Compiling CUDA source file kernel.cu...
  
  C:\finalproject\finalproject\finalproject>"C:\Program Files\NVIDIA GPU Computing Toolkit\CUDA\v10.1\bin\nvcc.exe" -gencode=arch=compute_35,code=\"sm_35,compute_35\" --use-local-env -ccbin "C:\Program Files (x86)\Microsoft Visual Studio\2019\Community\VC\Tools\MSVC\14.21.27702\bin\HostX86\x64" -x cu  -I"C:\Program Files\NVIDIA GPU Computing Toolkit\CUDA\v10.1\include" -I"C:\Program Files\NVIDIA GPU Computing Toolkit\CUDA\v10.1\include"  -G   --keep-dir x64\Debug -maxrregcount=0  --machine 64 --compile -cudart static  -g   -DWIN32 -DWIN64 -D_DEBUG -D_CONSOLE -D_MBCS -Xcompiler "/EHsc /W3 /nologo /Od /Fdx64\Debug\vc142.pdb /FS /Zi /RTC1 /MDd " -o x64\Debug\kernel.cu.obj "C:\finalproject\finalproject\finalproject\kernel.cu" 
C:\Program Files\NVIDIA GPU Computing Toolkit\CUDA\v10.1\include\cuda_runtime.h : warning C4819: 檔案含有無法在目前字碼頁 (950) 中表示的字元。請以 Unicode 格式儲存檔案以防止資料遺失
C:\Program Files\NVIDIA GPU Computing Toolkit\CUDA\v10.1\include\cuda_runtime_api.h(3353): warning C4819: 檔案含有無法在目前字碼頁 (950) 中表示的字元。請以 Unicode 格式儲存檔案以防止資料遺失
C:\Program Files\NVIDIA GPU Computing Toolkit\CUDA\v10.1\include\cuda_runtime_api.h(3353): warning C4819: 檔案含有無法在目前字碼頁 (950) 中表示的字元。請以 Unicode 格式儲存檔案以防止資料遺失
C:\Program Files\NVIDIA GPU Computing Toolkit\CUDA\v10.1\include\cuda_runtime_api.h(3353): warning C4819: 檔案含有無法在目前字碼頁 (950) 中表示的字元。請以 Unicode 格式儲存檔案以防止資料遺失
C:\Program Files\NVIDIA GPU Computing Toolkit\CUDA\v10.1\include\cuda_runtime_api.h(3353): warning C4819: 檔案含有無法在目前字碼頁 (950) 中表示的字元。請以 Unicode 格式儲存檔案以防止資料遺失
C:\Program Files\NVIDIA GPU Computing Toolkit\CUDA\v10.1\include\crt\math_functions.h : warning C4819: 檔案含有無法在目前字碼頁 (950) 中表示的字元。請以 Unicode 格式儲存檔案以防止資料遺失
C:\Program Files\NVIDIA GPU Computing Toolkit\CUDA\v10.1\include\crt\math_functions.h(824): warning C4819: 檔案含有無法在目前字碼頁 (950) 中表示的字元。請以 Unicode 格式儲存檔案以防止資料遺失
C:\Program Files\NVIDIA GPU Computing Toolkit\CUDA\v10.1\include\crt\math_functions.h(1759): warning C4819: 檔案含有無法在目前字碼頁 (950) 中表示的字元。請以 Unicode 格式儲存檔案以防止資料遺失
C:\Program Files\NVIDIA GPU Computing Toolkit\CUDA\v10.1\include\crt\math_functions.h(2621): warning C4819: 檔案含有無法在目前字碼頁 (950) 中表示的字元。請以 Unicode 格式儲存檔案以防止資料遺失
C:\Program Files\NVIDIA GPU Computing Toolkit\CUDA\v10.1\include\crt\math_functions.h(3460): warning C4819: 檔案含有無法在目前字碼頁 (950) 中表示的字元。請以 Unicode 格式儲存檔案以防止資料遺失
C:\Program Files\NVIDIA GPU Computing Toolkit\CUDA\v10.1\include\crt\math_functions.h(4403): warning C4819: 檔案含有無法在目前字碼頁 (950) 中表示的字元。請以 Unicode 格式儲存檔案以防止資料遺失
C:\Program Files\NVIDIA GPU Computing Toolkit\CUDA\v10.1\include\crt\math_functions.h(5301): warning C4819: 檔案含有無法在目前字碼頁 (950) 中表示的字元。請以 Unicode 格式儲存檔案以防止資料遺失
C:\Program Files\NVIDIA GPU Computing Toolkit\CUDA\v10.1\include\crt\math_functions.h(6212): warning C4819: 檔案含有無法在目前字碼頁 (950) 中表示的字元。請以 Unicode 格式儲存檔案以防止資料遺失
C:\Program Files\NVIDIA GPU Computing Toolkit\CUDA\v10.1\include\crt\math_functions.h(7093): warning C4819: 檔案含有無法在目前字碼頁 (950) 中表示的字元。請以 Unicode 格式儲存檔案以防止資料遺失
C:\Program Files\NVIDIA GPU Computing Toolkit\CUDA\v10.1\include\crt\math_functions.h(7892): warning C4819: 檔案含有無法在目前字碼頁 (950) 中表示的字元。請以 Unicode 格式儲存檔案以防止資料遺失
C:\Program Files\NVIDIA GPU Computing Toolkit\CUDA\v10.1\include\cuda_runtime_api.h(3353): warning C4819: 檔案含有無法在目前字碼頁 (950) 中表示的字元。請以 Unicode 格式儲存檔案以防止資料遺失
C:\Program Files\NVIDIA GPU Computing Toolkit\CUDA\v10.1\include\cuda_runtime_api.h(3353): warning C4819: 檔案含有無法在目前字碼頁 (950) 中表示的字元。請以 Unicode 格式儲存檔案以防止資料遺失
C:\Program Files\NVIDIA GPU Computing Toolkit\CUDA\v10.1\include\crt/device_functions.h : warning C4819: 檔案含有無法在目前字碼頁 (950) 中表示的字元。請以 Unicode 格式儲存檔案以防止資料遺失
C:\Program Files\NVIDIA GPU Computing Toolkit\CUDA\v10.1\include\crt/device_functions.h(773): warning C4819: 檔案含有無法在目前字碼頁 (950) 中表示的字元。請以 Unicode 格式儲存檔案以防止資料遺失
C:\Program Files\NVIDIA GPU Computing Toolkit\CUDA\v10.1\include\crt/device_functions.h(1628): warning C4819: 檔案含有無法在目前字碼頁 (950) 中表示的字元。請以 Unicode 格式儲存檔案以防止資料遺失
C:\Program Files\NVIDIA GPU Computing Toolkit\CUDA\v10.1\include\cuda_runtime_api.h(3353): warning C4819: 檔案含有無法在目前字碼頁 (950) 中表示的字元。請以 Unicode 格式儲存檔案以防止資料遺失
C:\Program Files\NVIDIA GPU Computing Toolkit\CUDA\v10.1\include\cuda_runtime_api.h(3353): warning C4819: 檔案含有無法在目前字碼頁 (950) 中表示的字元。請以 Unicode 格式儲存檔案以防止資料遺失
C:\Program Files\NVIDIA GPU Computing Toolkit\CUDA\v10.1\include\cuda_runtime_api.h(3353): warning C4819: 檔案含有無法在目前字碼頁 (950) 中表示的字元。請以 Unicode 格式儲存檔案以防止資料遺失
C:\Program Files\NVIDIA GPU Computing Toolkit\CUDA\v10.1\include\cuda_runtime_api.h(3353): warning C4819: 檔案含有無法在目前字碼頁 (950) 中表示的字元。請以 Unicode 格式儲存檔案以防止資料遺失
C:\Program Files\NVIDIA GPU Computing Toolkit\CUDA\v10.1\include\crt\device_double_functions.h : warning C4819: 檔案含有無法在目前字碼頁 (950) 中表示的字元。請以 Unicode 格式儲存檔案以防止資料遺失
C:\Program Files\NVIDIA GPU Computing Toolkit\CUDA\v10.1\include\cuda_runtime_api.h(3353): warning C4819: 檔案含有無法在目前字碼頁 (950) 中表示的字元。請以 Unicode 格式儲存檔案以防止資料遺失
C:\Program Files\NVIDIA GPU Computing Toolkit\CUDA\v10.1\include\cuda_runtime_api.h(3353): warning C4819: 檔案含有無法在目前字碼頁 (950) 中表示的字元。請以 Unicode 格式儲存檔案以防止資料遺失
C:\Program Files\NVIDIA GPU Computing Toolkit\CUDA\v10.1\include\cuda_runtime_api.h(3353): warning C4819: 檔案含有無法在目前字碼頁 (950) 中表示的字元。請以 Unicode 格式儲存檔案以防止資料遺失
C:\Program Files\NVIDIA GPU Computing Toolkit\CUDA\v10.1\include\cuda_runtime_api.h(3353): warning C4819: 檔案含有無法在目前字碼頁 (950) 中表示的字元。請以 Unicode 格式儲存檔案以防止資料遺失
C:\Program Files\NVIDIA GPU Computing Toolkit\CUDA\v10.1\include\sm_20_intrinsics.h : warning C4819: 檔案含有無法在目前字碼頁 (950) 中表示的字元。請以 Unicode 格式儲存檔案以防止資料遺失
C:\Program Files\NVIDIA GPU Computing Toolkit\CUDA\v10.1\include\cuda_runtime_api.h(3353): warning C4819: 檔案含有無法在目前字碼頁 (950) 中表示的字元。請以 Unicode 格式儲存檔案以防止資料遺失
C:\Program Files\NVIDIA GPU Computing Toolkit\CUDA\v10.1\include\sm_20_intrinsics.h(925): warning C4819: 檔案含有無法在目前字碼頁 (950) 中表示的字元。請以 Unicode 格式儲存檔案以防止資料遺失
C:\Program Files\NVIDIA GPU Computing Toolkit\CUDA\v10.1\include\cuda_runtime_api.h(3353): warning C4819: 檔案含有無法在目前字碼頁 (950) 中表示的字元。請以 Unicode 格式儲存檔案以防止資料遺失
C:\Program Files\NVIDIA GPU Computing Toolkit\CUDA\v10.1\include\cuda_runtime_api.h(3353): warning C4819: 檔案含有無法在目前字碼頁 (950) 中表示的字元。請以 Unicode 格式儲存檔案以防止資料遺失
C:\Program Files\NVIDIA GPU Computing Toolkit\CUDA\v10.1\include\cuda_runtime_api.h(3353): warning C4819: 檔案含有無法在目前字碼頁 (950) 中表示的字元。請以 Unicode 格式儲存檔案以防止資料遺失
C:\Program Files\NVIDIA GPU Computing Toolkit\CUDA\v10.1\include\cuda_runtime_api.h(3353): warning C4819: 檔案含有無法在目前字碼頁 (950) 中表示的字元。請以 Unicode 格式儲存檔案以防止資料遺失
C:\Program Files\NVIDIA GPU Computing Toolkit\CUDA\v10.1\include\cuda_runtime_api.h(3353): warning C4819: 檔案含有無法在目前字碼頁 (950) 中表示的字元。請以 Unicode 格式儲存檔案以防止資料遺失
C:\Program Files\NVIDIA GPU Computing Toolkit\CUDA\v10.1\include\cuda_runtime_api.h(3353): warning C4819: 檔案含有無法在目前字碼頁 (950) 中表示的字元。請以 Unicode 格式儲存檔案以防止資料遺失
C:\Program Files\NVIDIA GPU Computing Toolkit\CUDA\v10.1\include\cuda_runtime_api.h(3353): warning C4819: 檔案含有無法在目前字碼頁 (950) 中表示的字元。請以 Unicode 格式儲存檔案以防止資料遺失
C:\Program Files\NVIDIA GPU Computing Toolkit\CUDA\v10.1\include\cuda_runtime_api.h(3353): warning C4819: 檔案含有無法在目前字碼頁 (950) 中表示的字元。請以 Unicode 格式儲存檔案以防止資料遺失
C:\Program Files\NVIDIA GPU Computing Toolkit\CUDA\v10.1\include\cuda_runtime_api.h(3353): warning C4819: 檔案含有無法在目前字碼頁 (950) 中表示的字元。請以 Unicode 格式儲存檔案以防止資料遺失
C:\opencv-3.4.6\opencv\build\include\opencv2/stitching/detail/warpers.hpp(213): warning : overloaded virtual function "cv::detail::PlaneWarper::buildMaps" is only partially overridden in class "cv::detail::AffineWarper"
C:\opencv-3.4.6\opencv\build\include\opencv2/stitching/detail/warpers.hpp(213): warning : overloaded virtual function "cv::detail::PlaneWarper::warp" is only partially overridden in class "cv::detail::AffineWarper"
C:\opencv-3.4.6\opencv\build\include\opencv2/videostab/motion_stabilizing.hpp(106): warning : function "cv::videostab::IMotionStabilizer::stabilize(int, const std::vector<cv::Mat, std::allocator<cv::Mat>> &, std::pair<int, int>, cv::Mat *)" is hidden by "cv::videostab::GaussianMotionFilter::stabilize" -- virtual function override intended?
C:/finalproject/finalproject/finalproject/kernel.cu(19): warning : variable "index" was declared but never referenced
C:\Program Files\NVIDIA GPU Computing Toolkit\CUDA\v10.1\include\cuda_runtime.h : warning C4819: 檔案含有無法在目前字碼頁 (950) 中表示的字元。請以 Unicode 格式儲存檔案以防止資料遺失
C:\Program Files\NVIDIA GPU Computing Toolkit\CUDA\v10.1\include\cuda_runtime_api.h(3353): warning C4819: 檔案含有無法在目前字碼頁 (950) 中表示的字元。請以 Unicode 格式儲存檔案以防止資料遺失
C:\Program Files\NVIDIA GPU Computing Toolkit\CUDA\v10.1\include\cuda_runtime_api.h(3353): warning C4819: 檔案含有無法在目前字碼頁 (950) 中表示的字元。請以 Unicode 格式儲存檔案以防止資料遺失
C:\Program Files\NVIDIA GPU Computing Toolkit\CUDA\v10.1\include\cuda_runtime_api.h(3353): warning C4819: 檔案含有無法在目前字碼頁 (950) 中表示的字元。請以 Unicode 格式儲存檔案以防止資料遺失
C:\Program Files\NVIDIA GPU Computing Toolkit\CUDA\v10.1\include\cuda_runtime_api.h(3353): warning C4819: 檔案含有無法在目前字碼頁 (950) 中表示的字元。請以 Unicode 格式儲存檔案以防止資料遺失
C:\Program Files\NVIDIA GPU Computing Toolkit\CUDA\v10.1\include\crt\math_functions.h : warning C4819: 檔案含有無法在目前字碼頁 (950) 中表示的字元。請以 Unicode 格式儲存檔案以防止資料遺失
C:\Program Files\NVIDIA GPU Computing Toolkit\CUDA\v10.1\include\crt\math_functions.h(824): warning C4819: 檔案含有無法在目前字碼頁 (950) 中表示的字元。請以 Unicode 格式儲存檔案以防止資料遺失
C:\Program Files\NVIDIA GPU Computing Toolkit\CUDA\v10.1\include\crt\math_functions.h(1759): warning C4819: 檔案含有無法在目前字碼頁 (950) 中表示的字元。請以 Unicode 格式儲存檔案以防止資料遺失
C:\Program Files\NVIDIA GPU Computing Toolkit\CUDA\v10.1\include\crt\math_functions.h(2621): warning C4819: 檔案含有無法在目前字碼頁 (950) 中表示的字元。請以 Unicode 格式儲存檔案以防止資料遺失
C:\Program Files\NVIDIA GPU Computing Toolkit\CUDA\v10.1\include\crt\math_functions.h(3460): warning C4819: 檔案含有無法在目前字碼頁 (950) 中表示的字元。請以 Unicode 格式儲存檔案以防止資料遺失
C:\Program Files\NVIDIA GPU Computing Toolkit\CUDA\v10.1\include\crt\math_functions.h(4403): warning C4819: 檔案含有無法在目前字碼頁 (950) 中表示的字元。請以 Unicode 格式儲存檔案以防止資料遺失
C:\Program Files\NVIDIA GPU Computing Toolkit\CUDA\v10.1\include\crt\math_functions.h(5301): warning C4819: 檔案含有無法在目前字碼頁 (950) 中表示的字元。請以 Unicode 格式儲存檔案以防止資料遺失
C:\Program Files\NVIDIA GPU Computing Toolkit\CUDA\v10.1\include\crt\math_functions.h(6212): warning C4819: 檔案含有無法在目前字碼頁 (950) 中表示的字元。請以 Unicode 格式儲存檔案以防止資料遺失
C:\Program Files\NVIDIA GPU Computing Toolkit\CUDA\v10.1\include\crt\math_functions.h(7093): warning C4819: 檔案含有無法在目前字碼頁 (950) 中表示的字元。請以 Unicode 格式儲存檔案以防止資料遺失
C:\Program Files\NVIDIA GPU Computing Toolkit\CUDA\v10.1\include\crt\math_functions.h(7892): warning C4819: 檔案含有無法在目前字碼頁 (950) 中表示的字元。請以 Unicode 格式儲存檔案以防止資料遺失
C:\Program Files\NVIDIA GPU Computing Toolkit\CUDA\v10.1\include\cuda_runtime_api.h(3353): warning C4819: 檔案含有無法在目前字碼頁 (950) 中表示的字元。請以 Unicode 格式儲存檔案以防止資料遺失
C:\Program Files\NVIDIA GPU Computing Toolkit\CUDA\v10.1\include\cuda_runtime_api.h(3353): warning C4819: 檔案含有無法在目前字碼頁 (950) 中表示的字元。請以 Unicode 格式儲存檔案以防止資料遺失
C:\Program Files\NVIDIA GPU Computing Toolkit\CUDA\v10.1\include\crt/device_functions.h : warning C4819: 檔案含有無法在目前字碼頁 (950) 中表示的字元。請以 Unicode 格式儲存檔案以防止資料遺失
C:\Program Files\NVIDIA GPU Computing Toolkit\CUDA\v10.1\include\crt/device_functions.h(773): warning C4819: 檔案含有無法在目前字碼頁 (950) 中表示的字元。請以 Unicode 格式儲存檔案以防止資料遺失
C:\Program Files\NVIDIA GPU Computing Toolkit\CUDA\v10.1\include\crt/device_functions.h(1628): warning C4819: 檔案含有無法在目前字碼頁 (950) 中表示的字元。請以 Unicode 格式儲存檔案以防止資料遺失
C:\Program Files\NVIDIA GPU Computing Toolkit\CUDA\v10.1\include\cuda_runtime_api.h(3353): warning C4819: 檔案含有無法在目前字碼頁 (950) 中表示的字元。請以 Unicode 格式儲存檔案以防止資料遺失
C:\Program Files\NVIDIA GPU Computing Toolkit\CUDA\v10.1\include\cuda_runtime_api.h(3353): warning C4819: 檔案含有無法在目前字碼頁 (950) 中表示的字元。請以 Unicode 格式儲存檔案以防止資料遺失
C:\Program Files\NVIDIA GPU Computing Toolkit\CUDA\v10.1\include\crt\device_double_functions.h : warning C4819: 檔案含有無法在目前字碼頁 (950) 中表示的字元。請以 Unicode 格式儲存檔案以防止資料遺失
C:\Program Files\NVIDIA GPU Computing Toolkit\CUDA\v10.1\include\cuda_runtime_api.h(3353): warning C4819: 檔案含有無法在目前字碼頁 (950) 中表示的字元。請以 Unicode 格式儲存檔案以防止資料遺失
C:\Program Files\NVIDIA GPU Computing Toolkit\CUDA\v10.1\include\cuda_runtime_api.h(3353): warning C4819: 檔案含有無法在目前字碼頁 (950) 中表示的字元。請以 Unicode 格式儲存檔案以防止資料遺失
C:\Program Files\NVIDIA GPU Computing Toolkit\CUDA\v10.1\include\cuda_runtime_api.h(3353): warning C4819: 檔案含有無法在目前字碼頁 (950) 中表示的字元。請以 Unicode 格式儲存檔案以防止資料遺失
C:\Program Files\NVIDIA GPU Computing Toolkit\CUDA\v10.1\include\sm_20_intrinsics.h : warning C4819: 檔案含有無法在目前字碼頁 (950) 中表示的字元。請以 Unicode 格式儲存檔案以防止資料遺失
C:\Program Files\NVIDIA GPU Computing Toolkit\CUDA\v10.1\include\cuda_runtime_api.h(3353): warning C4819: 檔案含有無法在目前字碼頁 (950) 中表示的字元。請以 Unicode 格式儲存檔案以防止資料遺失
C:\Program Files\NVIDIA GPU Computing Toolkit\CUDA\v10.1\include\sm_20_intrinsics.h(925): warning C4819: 檔案含有無法在目前字碼頁 (950) 中表示的字元。請以 Unicode 格式儲存檔案以防止資料遺失
C:\Program Files\NVIDIA GPU Computing Toolkit\CUDA\v10.1\include\cuda_runtime_api.h(3353): warning C4819: 檔案含有無法在目前字碼頁 (950) 中表示的字元。請以 Unicode 格式儲存檔案以防止資料遺失
C:\Program Files\NVIDIA GPU Computing Toolkit\CUDA\v10.1\include\cuda_runtime_api.h(3353): warning C4819: 檔案含有無法在目前字碼頁 (950) 中表示的字元。請以 Unicode 格式儲存檔案以防止資料遺失
C:\Program Files\NVIDIA GPU Computing Toolkit\CUDA\v10.1\include\cuda_runtime_api.h(3353): warning C4819: 檔案含有無法在目前字碼頁 (950) 中表示的字元。請以 Unicode 格式儲存檔案以防止資料遺失
C:\Program Files\NVIDIA GPU Computing Toolkit\CUDA\v10.1\include\cuda_runtime_api.h(3353): warning C4819: 檔案含有無法在目前字碼頁 (950) 中表示的字元。請以 Unicode 格式儲存檔案以防止資料遺失
C:\Program Files\NVIDIA GPU Computing Toolkit\CUDA\v10.1\include\cuda_runtime_api.h(3353): warning C4819: 檔案含有無法在目前字碼頁 (950) 中表示的字元。請以 Unicode 格式儲存檔案以防止資料遺失
C:\Program Files\NVIDIA GPU Computing Toolkit\CUDA\v10.1\include\cuda_runtime_api.h(3353): warning C4819: 檔案含有無法在目前字碼頁 (950) 中表示的字元。請以 Unicode 格式儲存檔案以防止資料遺失
C:\Program Files\NVIDIA GPU Computing Toolkit\CUDA\v10.1\include\cuda_runtime_api.h(3353): warning C4819: 檔案含有無法在目前字碼頁 (950) 中表示的字元。請以 Unicode 格式儲存檔案以防止資料遺失
C:\opencv-3.4.6\opencv\build\include\opencv2/stitching/detail/warpers.hpp(213): warning : overloaded virtual function "cv::detail::PlaneWarper::buildMaps" is only partially overridden in class "cv::detail::AffineWarper"
C:\opencv-3.4.6\opencv\build\include\opencv2/stitching/detail/warpers.hpp(213): warning : overloaded virtual function "cv::detail::PlaneWarper::warp" is only partially overridden in class "cv::detail::AffineWarper"
C:\opencv-3.4.6\opencv\build\include\opencv2/videostab/motion_stabilizing.hpp(106): warning : function "cv::videostab::IMotionStabilizer::stabilize(int, const std::vector<cv::Mat, std::allocator<cv::Mat>> &, std::pair<int, int>, cv::Mat *)" is hidden by "cv::videostab::GaussianMotionFilter::stabilize" -- virtual function override intended?
  kernel.cu
C:/finalproject/finalproject/finalproject/kernel.cu(19): warning C4101: 'index': 未參考的區域變數
C:\Program Files\NVIDIA GPU Computing Toolkit\CUDA\v10.1\include\crt\math_functions.h : warning C4819: 檔案含有無法在目前字碼頁 (950) 中表示的字元。請以 Unicode 格式儲存檔案以防止資料遺失
C:\Program Files\NVIDIA GPU Computing Toolkit\CUDA\v10.1\include\crt\math_functions.h(824): warning C4819: 檔案含有無法在目前字碼頁 (950) 中表示的字元。請以 Unicode 格式儲存檔案以防止資料遺失
C:\Program Files\NVIDIA GPU Computing Toolkit\CUDA\v10.1\include\crt\math_functions.h(1759): warning C4819: 檔案含有無法在目前字碼頁 (950) 中表示的字元。請以 Unicode 格式儲存檔案以防止資料遺失
C:\Program Files\NVIDIA GPU Computing Toolkit\CUDA\v10.1\include\crt\math_functions.h(2621): warning C4819: 檔案含有無法在目前字碼頁 (950) 中表示的字元。請以 Unicode 格式儲存檔案以防止資料遺失
C:\Program Files\NVIDIA GPU Computing Toolkit\CUDA\v10.1\include\crt\math_functions.h(3461): warning C4819: 檔案含有無法在目前字碼頁 (950) 中表示的字元。請以 Unicode 格式儲存檔案以防止資料遺失
C:\Program Files\NVIDIA GPU Computing Toolkit\CUDA\v10.1\include\crt\math_functions.h(4403): warning C4819: 檔案含有無法在目前字碼頁 (950) 中表示的字元。請以 Unicode 格式儲存檔案以防止資料遺失
C:\Program Files\NVIDIA GPU Computing Toolkit\CUDA\v10.1\include\crt\math_functions.h(5301): warning C4819: 檔案含有無法在目前字碼頁 (950) 中表示的字元。請以 Unicode 格式儲存檔案以防止資料遺失
C:\Program Files\NVIDIA GPU Computing Toolkit\CUDA\v10.1\include\crt\math_functions.h(6212): warning C4819: 檔案含有無法在目前字碼頁 (950) 中表示的字元。請以 Unicode 格式儲存檔案以防止資料遺失
C:\Program Files\NVIDIA GPU Computing Toolkit\CUDA\v10.1\include\crt\math_functions.h(7093): warning C4819: 檔案含有無法在目前字碼頁 (950) 中表示的字元。請以 Unicode 格式儲存檔案以防止資料遺失
C:\Program Files\NVIDIA GPU Computing Toolkit\CUDA\v10.1\include\crt\math_functions.h(7892): warning C4819: 檔案含有無法在目前字碼頁 (950) 中表示的字元。請以 Unicode 格式儲存檔案以防止資料遺失
  finalproject.vcxproj -> C:\finalproject\finalproject\x64\Debug\finalproject.exe
